--- Startup times for process: Primary/TUI ---

times in msec
 clock   self+sourced   self:  sourced script
 clock   elapsed:              other lines

000.001  000.001: --- NVIM STARTING ---
000.453  000.453: event init
000.617  000.164: early init
000.843  000.226: locale set
000.877  000.034: init first window
002.646  001.769: inits 1
002.662  000.016: window checked
003.154  000.492: parsing arguments
003.987  000.225  000.225: require('vim.shared')
004.076  000.059  000.059: require('vim.inspect')
004.108  000.022  000.022: require('vim._options')
004.112  000.121  000.039: require('vim._editor')
004.113  000.382  000.037: require('vim._init_packages')
004.115  000.579: init lua interpreter
006.319  002.204: expanding arguments
006.341  000.023: inits 2
006.505  000.163: init highlight
006.539  000.034: clear screen
006.754  000.007  000.007: require('vim.keymap')
009.894  003.352  003.345: require('vim._defaults')
009.929  000.039: init default mappings & autocommands
010.795  000.202  000.202: sourcing /usr/local/Cellar/neovim/0.10.4_1/share/nvim/runtime/ftplugin.vim
011.056  000.018  000.018: sourcing /usr/local/Cellar/neovim/0.10.4_1/share/nvim/runtime/indent.vim
013.124  000.839  000.839: require('lazy')
013.200  000.015  000.015: require('ffi')
013.276  000.057  000.057: require('vim.fs')
013.443  000.154  000.154: require('vim.uri')
013.449  000.247  000.037: require('vim.loader')
014.064  000.570  000.570: require('lazy.stats')
014.596  000.261  000.261: require('lazy.core.util')
015.627  001.030  001.030: require('lazy.core.config')
016.451  000.701  000.701: require('lazy.core.handler')
016.753  000.061  000.061: require('lazy.pkg')
016.756  000.144  000.083: require('lazy.core.meta')
016.760  000.307  000.163: require('lazy.core.plugin')
016.764  001.136  000.127: require('lazy.core.loader')
020.584  000.459  000.459: require('lazy.async')
022.016  000.780  000.780: require('lazy.manage.process')
022.751  000.734  000.734: require('lazy.terminal')
022.756  002.170  000.656: require('lazy.manage.task')
022.759  003.017  000.387: require('lazy.manage.runner')
022.762  003.590  000.573: require('lazy.manage')
022.764  004.033  000.444: require('lazy.view.commands')
023.446  000.660  000.660: require('lazy.core.fragments')
027.972  000.655  000.655: require('lazy.core.handler.cmd')
028.038  000.063  000.063: require('lazy.core.handler.keys')
028.102  000.063  000.063: require('lazy.core.handler.event')
028.155  000.051  000.051: require('lazy.core.handler.ft')
031.729  000.682  000.682: sourcing /usr/local/Cellar/neovim/0.10.4_1/share/nvim/runtime/filetype.lua
035.797  000.103  000.103: require('nlua.include_expr')
035.799  002.855  002.752: require('nlua')
036.267  003.331  000.476: sourcing /Users/phaedrus/.local/share/nvim/lazy/nlua.nvim/plugin/nlua.vim
036.929  000.007  000.007: sourcing /Users/phaedrus/.local/share/nvim/lazy/vim-slim/ftdetect/slim.vim
040.001  002.306  002.306: require('cmp.utils.api')
040.178  000.058  000.058: require('cmp.types.cmp')
040.328  000.085  000.085: require('cmp.utils.misc')
040.461  000.281  000.196: require('cmp.types.lsp')
041.374  000.912  000.912: require('cmp.types.vim')
041.376  001.373  000.121: require('cmp.types')
042.352  000.975  000.975: require('cmp.utils.highlight')
043.036  000.065  000.065: require('cmp.utils.debug')
043.040  000.687  000.622: require('cmp.utils.autocmd')
043.761  006.591  001.249: sourcing /Users/phaedrus/.local/share/nvim/lazy/nvim-cmp/plugin/cmp.lua
044.459  000.433  000.433: sourcing /Users/phaedrus/.local/share/nvim/lazy/rust.vim/plugin/cargo.vim
044.515  000.023  000.023: sourcing /Users/phaedrus/.local/share/nvim/lazy/rust.vim/plugin/rust.vim
044.741  000.017  000.017: sourcing /Users/phaedrus/.local/share/nvim/lazy/rust.vim/ftdetect/rust.vim
045.491  000.006  000.006: sourcing /Users/phaedrus/.local/share/nvim/lazy/vim-firestore/ftdetect/firestore.vim
046.325  000.225  000.225: sourcing /Users/phaedrus/.local/share/nvim/lazy/plenary.nvim/plugin/plenary.vim
048.842  000.865  000.865: require('vim.lsp.log')
052.916  004.072  004.072: require('vim.lsp.protocol')
054.224  000.442  000.442: require('vim.lsp._snippet_grammar')
054.298  000.071  000.071: require('vim.highlight')
054.303  000.003  000.003: require('vim.F')
054.311  001.390  000.874: require('vim.lsp.util')
054.441  000.060  000.060: require('vim.lsp.sync')
054.444  000.132  000.072: require('vim.lsp._changetracking')
054.532  000.087  000.087: require('vim.lsp.rpc')
054.554  007.273  000.728: require('vim.lsp')
057.073  002.518  002.518: require('lspconfig.util')
057.087  010.564  000.773: sourcing /Users/phaedrus/.local/share/nvim/lazy/nvim-lspconfig/plugin/lspconfig.lua
063.920  000.086  000.086: require('nvim-treesitter.utils')
064.728  000.072  000.072: require('vim.treesitter.language')
064.885  000.154  000.154: require('vim.func')
065.154  000.265  000.265: require('vim.func._memoize')
065.546  001.007  000.516: require('vim.treesitter.query')
066.421  000.874  000.874: require('vim.treesitter._range')
066.604  002.161  000.279: require('vim.treesitter.languagetree')
066.617  002.448  000.287: require('vim.treesitter')
067.410  003.489  001.041: require('nvim-treesitter.parsers')
068.393  000.051  000.051: require('nvim-treesitter.compat')
068.508  000.058  000.058: require('nvim-treesitter.ts_utils')
068.510  000.116  000.058: require('nvim-treesitter.tsrange')
068.562  000.050  000.050: require('nvim-treesitter.caching')
068.566  000.286  000.068: require('nvim-treesitter.query')
068.572  000.363  000.078: require('nvim-treesitter.configs')
068.574  001.162  000.799: require('nvim-treesitter.info')
068.637  000.062  000.062: require('nvim-treesitter.shell_command_selectors')
068.671  005.000  000.200: require('nvim-treesitter.install')
068.724  000.051  000.051: require('nvim-treesitter.statusline')
068.781  000.057  000.057: require('nvim-treesitter.query_predicates')
068.783  010.663  005.555: require('nvim-treesitter')
069.519  011.482  000.820: sourcing /Users/phaedrus/.local/share/nvim/lazy/nvim-treesitter/plugin/nvim-treesitter.lua
069.944  000.032  000.032: sourcing /Users/phaedrus/.local/share/nvim/lazy/vim-coffee-script/ftdetect/coffee.vim
069.991  000.009  000.009: sourcing /Users/phaedrus/.local/share/nvim/lazy/vim-coffee-script/ftdetect/vim-literate-coffeescript.vim
070.463  000.009  000.009: sourcing /Users/phaedrus/.local/share/nvim/lazy/goyo.vim/plugin/goyo.vim
070.973  000.043  000.043: sourcing /Users/phaedrus/.local/share/nvim/lazy/go.nvim/ftdetect/filetype.vim
074.576  001.282  001.282: sourcing /Users/phaedrus/.local/share/nvim/lazy/telescope.nvim/plugin/telescope.lua
076.859  001.351  001.351: require('vim.filetype')
081.663  000.153  000.153: require('luasnip.util.types')
081.666  000.319  000.165: require('luasnip.util.ext_opts')
081.897  000.075  000.075: require('luasnip.util.lazy_table')
081.972  000.074  000.074: require('luasnip.extras.filetype_functions')
081.983  000.234  000.086: require('luasnip.default_config')
081.985  000.318  000.083: require('luasnip.session')
081.987  003.302  002.666: require('luasnip.config')
082.217  000.123  000.123: require('luasnip.util.util')
082.632  000.335  000.335: require('luasnip.nodes.key_indexer')
082.703  000.070  000.070: require('luasnip.util.feedkeys')
082.708  000.490  000.085: require('luasnip.nodes.util')
082.869  000.069  000.069: require('luasnip.session.snippet_collection.source')
082.927  000.057  000.057: require('luasnip.util.table')
082.989  000.061  000.061: require('luasnip.util.auto_table')
082.995  000.286  000.100: require('luasnip.session.snippet_collection')
083.207  000.069  000.069: require('luasnip.util.select')
083.287  000.079  000.079: require('luasnip.util.time')
087.783  004.723  004.575: require('luasnip.util._builtin_vars')
088.004  005.007  000.284: require('luasnip.util.environ')
088.628  000.624  000.624: require('luasnip.util.extend_decorator')
088.947  000.215  000.215: require('luasnip.util.path')
089.342  000.309  000.309: require('luasnip.util.log')
089.346  000.398  000.089: require('luasnip.loaders.util')
089.449  000.101  000.101: require('luasnip.loaders.data')
089.556  000.107  000.107: require('luasnip.loaders.fs_watchers')
089.658  001.029  000.208: require('luasnip.loaders')
089.687  007.697  000.138: require('luasnip')
089.783  014.466  002.117: sourcing /Users/phaedrus/.local/share/nvim/lazy/LuaSnip/plugin/luasnip.lua
089.859  000.015  000.015: sourcing /Users/phaedrus/.local/share/nvim/lazy/LuaSnip/plugin/luasnip.vim
090.427  000.028  000.028: sourcing /Users/phaedrus/.local/share/nvim/lazy/vim-markdown/ftdetect/markdown.vim
094.198  000.583  000.583: require('supermaven-nvim.config')
094.201  000.667  000.084: require('supermaven-nvim.logger')
094.204  000.775  000.108: require('supermaven-nvim.util')
094.206  000.939  000.164: require('supermaven-nvim.completion_preview')
095.381  000.058  000.058: require('supermaven-nvim.textual')
095.446  000.063  000.063: require('supermaven-nvim.binary.binary_fetcher')
095.466  000.216  000.095: require('supermaven-nvim.binary.binary_handler')
095.522  000.055  000.055: require('supermaven-nvim.document_listener')
095.524  000.335  000.064: require('supermaven-nvim.api')
095.525  001.318  000.983: require('supermaven-nvim.commands')
095.527  004.790  002.534: require('supermaven-nvim')
096.813  000.110  000.110: require('cmp.utils.char')
096.817  000.167  000.057: require('cmp.utils.str')
097.190  000.049  000.049: require('cmp.utils.buffer')
097.195  000.113  000.064: require('cmp.utils.keymap')
097.196  000.378  000.265: require('cmp.utils.feedkeys')
097.394  000.085  000.085: require('cmp.config.mapping')
097.444  000.049  000.049: require('cmp.utils.cache')
097.556  000.056  000.056: require('cmp.config.compare')
097.557  000.111  000.056: require('cmp.config.default')
097.590  000.335  000.090: require('cmp.config')
097.596  000.399  000.064: require('cmp.utils.async')
097.704  000.049  000.049: require('cmp.utils.pattern')
097.706  000.109  000.060: require('cmp.context')
097.961  000.128  000.128: require('cmp.utils.snippet')
098.015  000.052  000.052: require('cmp.matcher')
098.019  000.248  000.069: require('cmp.entry')
098.022  000.316  000.067: require('cmp.source')
098.127  000.049  000.049: require('cmp.utils.event')
098.285  000.051  000.051: require('cmp.utils.options')
098.288  000.108  000.057: require('cmp.utils.window')
098.289  000.161  000.053: require('cmp.view.docs_view')
098.352  000.063  000.063: require('cmp.view.custom_entries_view')
098.412  000.058  000.058: require('cmp.view.wildmenu_entries_view')
098.469  000.056  000.056: require('cmp.view.native_entries_view')
098.607  000.137  000.137: require('cmp.view.ghost_text_view')
098.612  000.588  000.063: require('cmp.view')
100.654  004.098  002.141: require('cmp.core')
101.682  000.861  000.861: require('cmp.config.sources')
101.737  000.054  000.054: require('cmp.config.window')
101.776  005.899  000.885: require('cmp')
101.833  000.056  000.056: require('supermaven-nvim.cmp')
101.975  000.060  000.060: require('vim.version')
103.442  000.081  000.081: require('vim.iter')
107.356  000.302  000.302: sourcing /Users/phaedrus/.local/share/nvim/lazy/vim-sleuth/plugin/sleuth.vim
107.759  000.017  000.017: sourcing /Users/phaedrus/.local/share/nvim/lazy/nightfox.nvim/plugin/nightfox.vim
108.644  000.446  000.446: sourcing /Users/phaedrus/.local/share/nvim/lazy/vim-eunuch/plugin/eunuch.vim
109.645  000.019  000.019: sourcing /Users/phaedrus/.local/share/nvim/lazy/nvim-web-devicons/plugin/nvim-web-devicons.vim
113.843  002.062  002.062: require('hop')
114.079  000.067  000.067: require('hop.perm')
114.151  000.071  000.071: require('hop.window')
114.154  000.309  000.171: require('hop.hint')
114.200  003.932  001.561: sourcing /Users/phaedrus/.local/share/nvim/lazy/hop.nvim/plugin/hop.lua
114.420  000.072  000.072: require('hop.defaults')
114.495  000.074  000.074: require('hop.highlight')
114.672  000.106  000.106: require('hop-yank')
114.758  000.064  000.064: require('hop-treesitter')
116.065  000.890  000.890: require('rainbow')
116.621  001.454  000.564: sourcing /Users/phaedrus/.local/share/nvim/lazy/nvim-ts-rainbow/plugin/rainbow.vim
116.950  000.046  000.046: sourcing /Users/phaedrus/.local/share/nvim/lazy/github-nvim-theme/plugin/github_theme.lua
117.680  000.237  000.237: sourcing /Users/phaedrus/.local/share/nvim/lazy/vim-surround/plugin/surround.vim
119.091  000.081  000.081: require('Comment.config')
119.312  000.141  000.141: require('Comment.ft')
119.318  000.225  000.085: require('Comment.utils')
119.394  000.075  000.075: require('Comment.opfunc')
119.471  000.076  000.076: require('Comment.extra')
119.476  001.024  000.567: require('Comment.api')
119.755  001.342  000.318: sourcing /Users/phaedrus/.local/share/nvim/lazy/Comment.nvim/plugin/Comment.lua
120.576  000.706  000.706: sourcing /Users/phaedrus/.local/share/nvim/lazy/vim-fugitive/plugin/fugitive.vim
120.766  000.006  000.006: sourcing /Users/phaedrus/.local/share/nvim/lazy/vim-fugitive/ftdetect/fugitive.vim
121.803  000.161  000.161: sourcing /Users/phaedrus/.local/share/nvim/lazy/nvim-ts-context-commentstring/plugin/ts_context_commentstring.lua
123.522  000.016  000.016: sourcing /Users/phaedrus/.local/share/nvim/lazy/nvim-colorizer.lua/plugin/colorizer.vim
125.050  000.708  000.708: sourcing /usr/local/Cellar/neovim/0.10.4_1/share/nvim/runtime/plugin/editorconfig.lua
125.169  000.080  000.080: sourcing /usr/local/Cellar/neovim/0.10.4_1/share/nvim/runtime/plugin/gzip.vim
125.273  000.068  000.068: sourcing /usr/local/Cellar/neovim/0.10.4_1/share/nvim/runtime/plugin/man.lua
126.251  000.119  000.119: sourcing /usr/local/Cellar/neovim/0.10.4_1/share/nvim/runtime/pack/dist/opt/matchit/plugin/matchit.vim
126.263  000.767  000.648: sourcing /usr/local/Cellar/neovim/0.10.4_1/share/nvim/runtime/plugin/matchit.vim
126.511  000.211  000.211: sourcing /usr/local/Cellar/neovim/0.10.4_1/share/nvim/runtime/plugin/matchparen.vim
126.745  000.195  000.195: sourcing /usr/local/Cellar/neovim/0.10.4_1/share/nvim/runtime/plugin/netrwPlugin.vim
126.890  000.104  000.104: sourcing /usr/local/Cellar/neovim/0.10.4_1/share/nvim/runtime/plugin/osc52.lua
127.077  000.145  000.145: sourcing /usr/local/Cellar/neovim/0.10.4_1/share/nvim/runtime/plugin/rplugin.vim
127.176  000.034  000.034: sourcing /usr/local/Cellar/neovim/0.10.4_1/share/nvim/runtime/plugin/shada.vim
127.231  000.012  000.012: sourcing /usr/local/Cellar/neovim/0.10.4_1/share/nvim/runtime/plugin/spellfile.vim
127.315  000.044  000.044: sourcing /usr/local/Cellar/neovim/0.10.4_1/share/nvim/runtime/plugin/tarPlugin.vim
127.414  000.043  000.043: sourcing /usr/local/Cellar/neovim/0.10.4_1/share/nvim/runtime/plugin/tohtml.lua
127.482  000.009  000.009: sourcing /usr/local/Cellar/neovim/0.10.4_1/share/nvim/runtime/plugin/tutor.vim
127.612  000.071  000.071: sourcing /usr/local/Cellar/neovim/0.10.4_1/share/nvim/runtime/plugin/zipPlugin.vim
129.596  001.291  001.291: require('cmp_nvim_lua')
129.667  001.403  000.112: sourcing /Users/phaedrus/.local/share/nvim/lazy/cmp-nvim-lua/after/plugin/cmp_nvim_lua.lua
129.951  000.084  000.084: require('cmp_nvim_lsp.source')
129.953  000.166  000.082: require('cmp_nvim_lsp')
129.959  000.208  000.042: sourcing /Users/phaedrus/.local/share/nvim/lazy/cmp-nvim-lsp/after/plugin/cmp_nvim_lsp.lua
130.338  000.072  000.072: require('cmp_buffer.timer')
130.340  000.153  000.081: require('cmp_buffer.buffer')
130.343  000.223  000.070: require('cmp_buffer.source')
130.344  000.285  000.061: require('cmp_buffer')
130.358  000.331  000.047: sourcing /Users/phaedrus/.local/share/nvim/lazy/cmp-buffer/after/plugin/cmp_buffer.lua
130.570  000.094  000.094: require('cmp_path')
130.581  000.142  000.048: sourcing /Users/phaedrus/.local/share/nvim/lazy/cmp-path/after/plugin/cmp_path.lua
131.161  000.186  000.186: require('cmp_cmdline')
131.174  000.232  000.046: sourcing /Users/phaedrus/.local/share/nvim/lazy/cmp-cmdline/after/plugin/cmp_cmdline.lua
131.338  119.735  036.174: require('user.lazy')
132.016  000.677  000.677: require('user.options')
132.170  000.153  000.153: require('user.keymappings')
132.994  000.629  000.629: require('vim.diagnostic')
132.999  000.827  000.198: require('go')
135.374  000.117  000.117: require('go.utils')
135.376  000.878  000.761: require('go.commands')
137.580  000.117  000.117: require('go.keybind')
137.641  000.060  000.060: require('go.alt_getopt')
137.645  001.063  000.886: require('go.dap')
137.937  000.062  000.062: require('go.mockgen')
138.643  000.099  000.099: require('go.gopls')
138.645  000.412  000.313: require('go.godoc')
139.634  000.409  000.409: require('go.list')
139.637  000.991  000.582: require('go.package')
139.697  000.059  000.059: require('go.complete')
139.812  000.059  000.059: require('go.runner')
139.814  000.115  000.056: require('go.mod')
142.792  000.064  000.064: require('rose-pine.config')
142.793  000.350  000.287: require('rose-pine')
144.739  000.710  000.710: require('rose-pine.utilities')
144.804  000.064  000.064: require('rose-pine.palette')
146.126  003.812  002.688: sourcing /Users/phaedrus/.local/share/nvim/lazy/rose-pine/colors/rose-pine.lua
147.718  000.962  000.962: require('rainbow.internal')
147.743  007.875  003.101: require('user.colorscheme')
148.361  000.056  000.056: require('luasnip.session.enqueueable_operations')
148.646  000.054  000.054: require('luasnip.util.events')
148.651  000.127  000.073: require('luasnip.nodes.node')
149.539  000.886  000.886: require('luasnip.nodes.insertNode')
149.681  000.141  000.141: require('luasnip.nodes.textNode')
149.741  000.058  000.058: require('luasnip.util.mark')
149.795  000.053  000.053: require('luasnip.util.pattern_tokenizer')
149.846  000.050  000.050: require('luasnip.util.dict')
155.696  005.797  005.797: require('luasnip.util.jsregexp')
155.700  005.852  000.055: require('luasnip.nodes.util.trig_engines')
156.357  007.921  000.753: require('luasnip.nodes.snippet')
157.329  000.059  000.059: require('luasnip.util.parser.neovim_ast')
157.386  000.056  000.056: require('luasnip.util.str')
157.893  000.506  000.506: require('luasnip.util.jsregexp')
158.033  000.139  000.139: require('luasnip.util.directed_graph')
158.036  000.836  000.076: require('luasnip.util.parser.ast_utils')
158.505  000.468  000.468: require('luasnip.nodes.functionNode')
158.667  000.161  000.161: require('luasnip.nodes.choiceNode')
158.736  000.067  000.067: require('luasnip.nodes.dynamicNode')
158.793  000.056  000.056: require('luasnip.util.functions')
158.796  002.437  000.849: require('luasnip.util.parser.ast_parser')
158.885  000.088  000.088: require('luasnip.util.parser.neovim_parser')
158.888  010.526  000.079: require('luasnip.util.parser')
158.943  000.054  000.054: require('luasnip.nodes.snippetProxy')
159.142  000.198  000.198: require('luasnip.util.jsonc')
159.325  000.053  000.053: require('luasnip.nodes.duplicate')
159.326  000.182  000.129: require('luasnip.loaders.snippet_cache')
159.330  011.212  000.197: require('luasnip/loaders/from_vscode')
164.644  000.117  000.117: require('luasnip.nodes.multiSnippet')
175.557  027.813  016.483: require('user.cmp')
176.393  000.084  000.084: require('lspconfig.async')
176.395  000.183  000.098: require('lspconfig.configs')
176.401  000.387  000.204: require('lspconfig')
176.549  000.077  000.077: require('mason-core.path')
176.881  000.250  000.250: require('mason-core.functional')
177.216  000.075  000.075: require('mason-core.functional.data')
177.221  000.326  000.252: require('mason-core.functional.function')
177.297  000.067  000.067: require('mason-core.functional.relation')
177.376  000.072  000.072: require('mason-core.functional.logic')
177.530  000.979  000.264: require('mason-core.platform')
177.612  000.081  000.081: require('mason.settings')
177.615  001.213  000.075: require('mason')
177.816  000.096  000.096: require('mason-core.functional.list')
177.892  000.072  000.072: require('mason-core.functional.string')
177.927  000.297  000.129: require('mason.api.command')
178.074  000.142  000.142: require('mason-registry.sources')
178.260  000.099  000.099: require('mason-core.log')
178.322  000.061  000.061: require('mason-lspconfig.settings')
178.324  000.239  000.079: require('mason-lspconfig')
179.149  000.065  000.065: require('mason-lspconfig.notify')
179.152  000.228  000.163: require('mason-lspconfig.lspconfig_hook')
179.336  000.084  000.084: require('mason-core.functional.table')
179.383  000.230  000.147: require('mason-lspconfig.mappings.server')
179.544  000.070  000.070: require('mason-core.EventEmitter')
179.612  000.068  000.068: require('mason-core.optional')
179.808  000.128  000.128: require('mason-core.async')
179.869  000.059  000.059: require('mason-core.async.uv')
179.873  000.260  000.073: require('mason-core.fs')
179.896  000.512  000.114: require('mason-registry')
179.954  000.057  000.057: require('mason-lspconfig.server_config_extensions')
180.143  000.188  000.188: require('lspconfig.configs.omnisharp')
182.020  000.078  000.078: require('mason-core.functional.number')
182.038  000.210  000.132: require('mason-lspconfig.api.command')
182.341  000.302  000.302: require('user.lsp.handlers')
183.052  000.363  000.363: require('lspconfig.configs.bashls')
185.270  000.141  000.141: require('lspconfig.manager')
185.363  000.072  000.072: require('lspconfig.configs.gopls')
187.500  000.195  000.195: require('user.lsp.settings.lua_ls')
188.037  000.201  000.201: require('lspconfig.configs.lua_ls')
190.416  000.138  000.138: require('lspconfig.configs.rust_analyzer')
192.198  000.169  000.169: require('user.lsp.settings.ts_ls')
192.692  000.163  000.163: require('lspconfig.configs.ts_ls')
194.158  000.408  000.408: require('lspconfig.configs.pyright')
196.258  000.218  000.218: require('null-ls.utils')
196.606  000.740  000.522: require('null-ls.config')
197.077  000.096  000.096: require('null-ls.helpers.cache')
197.210  000.132  000.132: require('null-ls.helpers.diagnostics')
197.269  000.058  000.058: require('null-ls.helpers.formatter_factory')
197.388  000.055  000.055: require('null-ls.logger')
197.446  000.057  000.057: require('null-ls.state')
197.448  000.178  000.066: require('null-ls.helpers.generator_factory')
197.559  000.054  000.054: require('null-ls.helpers.command_resolver')
197.560  000.111  000.057: require('null-ls.helpers.make_builtin')
197.614  000.053  000.053: require('null-ls.helpers.range_formatting_args_factory')
197.615  001.008  000.380: require('null-ls.helpers')
197.867  000.136  000.136: require('null-ls.methods')
197.870  000.194  000.058: require('null-ls.diagnostics')
197.874  000.257  000.064: require('null-ls.sources')
197.932  000.056  000.056: require('null-ls.builtins')
197.934  002.203  000.141: require('null-ls')
198.425  000.489  000.489: require('null-ls.builtins.formatting.prettier')
198.672  000.245  000.245: require('null-ls.builtins.formatting.stylua')
199.212  000.539  000.539: require('null-ls.builtins.formatting.rustfmt')
202.066  000.615  000.615: require('null-ls.client')
202.085  006.566  002.475: require('user.lsp.null-ls')
204.365  028.804  016.383: require('user.lsp')
205.019  000.089  000.089: require('telescope._extensions')
205.021  000.339  000.250: require('telescope')
205.417  000.056  000.056: require('plenary.bit')
205.473  000.054  000.054: require('plenary.functional')
205.531  000.247  000.138: require('plenary.path')
205.570  000.344  000.097: require('plenary.strings')
205.625  000.054  000.054: require('telescope.deprecated')
206.331  000.585  000.585: require('plenary.log')
206.369  000.679  000.094: require('telescope.log')
206.662  000.055  000.055: require('plenary.compat')
206.666  000.129  000.074: require('plenary.job')
206.720  000.053  000.053: require('telescope.state')
206.733  000.362  000.181: require('telescope.utils')
206.736  001.109  000.068: require('telescope.sorters')
215.587  010.437  008.929: require('telescope.config')
215.863  000.076  000.076: require('plenary.window.border')
215.922  000.059  000.059: require('plenary.window')
215.979  000.055  000.055: require('plenary.popup.utils')
215.981  000.392  000.203: require('plenary.popup')
216.044  000.061  000.061: require('telescope.pickers.scroller')
216.099  000.055  000.055: require('telescope.actions.state')
216.159  000.059  000.059: require('telescope.actions.utils')
216.280  000.058  000.058: require('telescope.actions.mt')
216.289  000.129  000.071: require('telescope.actions.set')
216.487  000.057  000.057: require('telescope.config.resolve')
216.488  000.115  000.058: require('telescope.pickers.entry_display')
216.544  000.055  000.055: require('telescope.from_entry')
216.651  011.628  000.327: require('telescope.actions')
225.875  021.509  009.542: require('user.telescope')
226.223  000.056  000.056: require('nvim-autopairs._log')
226.636  000.412  000.412: require('nvim-autopairs.utils')
226.821  000.068  000.068: require('nvim-autopairs.conds')
226.824  000.127  000.059: require('nvim-autopairs.rule')
226.826  000.189  000.062: require('nvim-autopairs.rules.basic')
226.830  000.771  000.113: require('nvim-autopairs')
227.060  000.067  000.067: require('nvim-autopairs.fastwrap')
227.409  000.057  000.057: require('nvim-autopairs.ts-conds')
227.411  000.131  000.074: require('nvim-autopairs.rules.ts_basic')
227.507  000.095  000.095: require('vim.treesitter.highlighter')
229.071  000.063  000.063: require('nvim-autopairs.completion.handlers')
229.073  000.154  000.091: require('nvim-autopairs.completion.cmp')
229.123  003.246  002.029: require('user.autopairs')
229.262  000.054  000.054: require('Comment')
229.944  000.820  000.765: require('user.comment')
231.222  000.065  000.065: require('gitsigns.async')
231.286  000.062  000.062: require('gitsigns.debug.log')
231.363  000.076  000.076: require('gitsigns.config')
231.365  000.399  000.195: require('gitsigns')
233.211  000.401  000.401: require('gitsigns.highlight')
235.003  000.074  000.074: require('gitsigns.debounce')
235.010  005.064  004.191: require('user.gitsigns')
235.322  000.063  000.063: require('nvim-tree.log')
235.518  000.056  000.056: require('nvim-tree.notify')
235.520  000.117  000.061: require('nvim-tree.events')
235.655  000.060  000.060: require('nvim-tree.iterators.node-iterator')
235.681  000.160  000.100: require('nvim-tree.utils')
235.688  000.364  000.088: require('nvim-tree.view')
235.909  000.055  000.055: require('nvim-tree.core')
236.031  000.058  000.058: require('nvim-tree.git.utils')
236.085  000.053  000.053: require('nvim-tree.renderer.components.devicons')
236.195  000.052  000.052: require('nvim-tree.classic')
236.198  000.112  000.060: require('nvim-tree.node')
236.246  000.336  000.113: require('nvim-tree.node.directory')
236.248  000.447  000.056: require('nvim-tree.actions.finders.find-file')
236.350  000.102  000.102: require('nvim-tree.actions.finders.search-node')
236.352  000.606  000.057: require('nvim-tree.actions.finders')
236.538  000.059  000.059: require('nvim-tree.node.file')
236.540  000.115  000.056: require('nvim-tree.actions.fs.create-file')
236.656  000.058  000.058: require('nvim-tree.lib')
236.772  000.053  000.053: require('nvim-tree.node.link')
236.829  000.172  000.118: require('nvim-tree.node.directory-link')
236.832  000.291  000.062: require('nvim-tree.actions.fs.remove-file')
236.915  000.082  000.082: require('nvim-tree.actions.fs.rename-file')
236.977  000.061  000.061: require('nvim-tree.actions.fs.trash')
236.983  000.630  000.081: require('nvim-tree.actions.fs')
237.162  000.059  000.059: require('nvim-tree.diagnostics')
237.164  000.117  000.058: require('nvim-tree.actions.moves.item')
237.219  000.053  000.053: require('nvim-tree.actions.moves.parent')
237.273  000.053  000.053: require('nvim-tree.actions.moves.sibling')
237.274  000.290  000.067: require('nvim-tree.actions.moves')
237.400  000.072  000.072: require('nvim-tree.actions.node.file-popup')
237.474  000.072  000.072: require('nvim-tree.actions.node.open-file')
237.528  000.053  000.053: require('nvim-tree.actions.node.run-command')
237.586  000.057  000.057: require('nvim-tree.actions.node.system-open')
237.639  000.053  000.053: require('nvim-tree.actions.node.buffer')
237.641  000.366  000.059: require('nvim-tree.actions.node')
237.754  000.059  000.059: require('nvim-tree.actions.root.change-dir')
237.809  000.053  000.053: require('nvim-tree.actions.root.dir-up')
237.810  000.169  000.057: require('nvim-tree.actions.root')
237.931  000.058  000.058: require('nvim-tree.actions.tree.find-file')
238.042  000.056  000.056: require('nvim-tree.actions.tree.modifiers.collapse-all')
238.099  000.056  000.056: require('nvim-tree.actions.tree.modifiers.expand-all')
238.101  000.169  000.057: require('nvim-tree.actions.tree.modifiers')
238.155  000.053  000.053: require('nvim-tree.actions.tree.open')
238.210  000.054  000.054: require('nvim-tree.actions.tree.toggle')
238.263  000.052  000.052: require('nvim-tree.actions.tree.resize')
238.264  000.452  000.066: require('nvim-tree.actions.tree')
238.265  002.576  000.062: require('nvim-tree.actions')
238.283  003.146  000.143: require('nvim-tree')
238.388  000.057  000.057: require('nvim-tree.legacy')
239.393  000.085  000.085: require('nvim-tree.keymap')
239.519  000.125  000.125: require('nvim-tree.appearance')
241.236  000.083  000.083: require('nvim-tree.buffers')
241.494  000.155  000.155: require('nvim-tree.git.runner')
241.579  000.083  000.083: require('nvim-tree.watcher')
241.585  000.347  000.108: require('nvim-tree.git')
241.716  000.067  000.067: require('nvim-tree.node.file-link')
241.719  000.132  000.066: require('nvim-tree.node.factory')
241.782  000.063  000.063: require('nvim-tree.node.root')
241.914  000.063  000.063: require('nvim-tree.enum')
241.918  000.134  000.071: require('nvim-tree.explorer.filters')
242.005  000.087  000.087: require('nvim-tree.marks')
242.194  000.188  000.188: require('nvim-tree.explorer.live-filter')
242.316  000.122  000.122: require('nvim-tree.explorer.sorter')
242.421  000.104  000.104: require('nvim-tree.actions.fs.clipboard')
242.748  000.096  000.096: require('nvim-tree.renderer.decorator')
242.752  000.180  000.084: require('nvim-tree.renderer.decorator.bookmarks')
242.813  000.061  000.061: require('nvim-tree.renderer.decorator.copied')
242.876  000.062  000.062: require('nvim-tree.renderer.decorator.cut')
242.946  000.068  000.068: require('nvim-tree.renderer.decorator.diagnostics')
243.029  000.082  000.082: require('nvim-tree.renderer.decorator.git')
243.092  000.062  000.062: require('nvim-tree.renderer.decorator.hidden')
243.153  000.060  000.060: require('nvim-tree.renderer.decorator.modified')
243.298  000.144  000.144: require('nvim-tree.renderer.decorator.opened')
243.399  000.100  000.100: require('nvim-tree.renderer.decorator.user')
243.471  000.071  000.071: require('nvim-tree.renderer.components.padding')
243.492  001.000  000.109: require('nvim-tree.renderer.builder')
243.507  001.085  000.084: require('nvim-tree.renderer')
243.586  002.847  000.504: require('nvim-tree.explorer')
243.685  000.097  000.097: require('nvim-tree.explorer.watch')
243.820  000.069  000.069: require('nvim-tree.renderer.components.full-name')
243.822  000.134  000.065: require('nvim-tree.renderer.components')
244.005  000.097  000.097: require('nvim-web-devicons.filetypes')
244.289  000.204  000.204: require('nvim-web-devicons.light.icons_by_filename')
244.680  000.389  000.389: require('nvim-web-devicons.light.icons_by_file_extension')
244.791  000.110  000.110: require('nvim-web-devicons.light.icons_by_operating_system')
244.855  000.063  000.063: require('nvim-web-devicons.light.icons_by_desktop_environment')
244.921  000.065  000.065: require('nvim-web-devicons.light.icons_by_window_manager')
244.922  000.900  000.068: require('nvim-web-devicons.icons-light')
245.128  001.304  000.308: require('nvim-web-devicons')
248.462  000.108  000.108: require('nvim-tree.help')
248.726  000.174  000.174: require('nvim-tree.appearance.hi-test')
248.784  000.320  000.146: require('nvim-tree.api')
248.942  000.099  000.099: require('nvim-tree.commands')
250.404  015.394  007.071: require('user.nvim-tree')
250.976  000.190  000.190: require('toggleterm.lazy')
251.063  000.085  000.085: require('toggleterm.constants')
251.411  000.344  000.344: require('toggleterm.terminal')
251.427  000.824  000.205: require('toggleterm')
251.746  000.181  000.181: require('toggleterm.colors')
251.917  000.170  000.170: require('toggleterm.utils')
251.936  000.501  000.151: require('toggleterm.config')
254.062  000.090  000.090: require('toggleterm.commandline')
254.433  004.027  002.612: require('user.toggleterm')
254.685  000.062  000.062: require('lualine_require')
255.233  000.698  000.636: require('lualine')
255.488  000.051  000.051: require('incline.config.transform')
255.491  000.134  000.083: require('incline.config.schema')
255.574  000.082  000.082: require('incline.config.validate')
256.110  000.818  000.602: require('incline.config')
256.229  000.058  000.058: require('incline.util')
256.282  000.052  000.052: require('incline.debounce')
256.455  000.054  000.054: require('incline.highlight')
256.459  000.124  000.071: require('incline.winline')
256.461  000.178  000.053: require('incline.tabpage')
256.463  000.352  000.064: require('incline.manager')
256.465  001.230  000.061: require('incline')
256.544  000.075  000.075: require('incline.presets')
256.599  000.053  000.053: require('incline.presets.basic')
263.925  000.141  000.141: require('lualine.themes.papercolor_light')
269.223  000.216  000.216: require('lualine.utils.mode')
270.032  000.075  000.075: require('lualine.extensions.nerdtree')
270.584  016.150  013.660: require('user.lualine')
270.647  000.062  000.062: require('user.markdown')
270.737  000.089  000.089: require('user.autocmds')
270.882  000.068  000.068: require('colorizer/nvim')
271.492  000.608  000.608: require('colorizer/trie')
271.897  001.159  000.483: require('colorizer')
276.931  000.742  000.742: require('trouble')
277.034  000.101  000.101: require('trouble.config')
277.260  000.065  000.065: require('trouble.util')
277.262  000.141  000.076: require('trouble.config.highlights')
278.608  000.055  000.055: require('trouble.cache')
278.670  000.061  000.061: require('trouble.format')
278.757  000.085  000.085: require('trouble.view.indent')
278.817  000.059  000.059: require('trouble.view.text')
278.820  000.324  000.063: require('trouble.view.render')
278.821  000.383  000.060: require('trouble.view.preview')
278.823  000.706  000.323: require('trouble.view.main')
278.896  004.706  003.016: require('trouble')
278.897  005.010  000.304: require('user.trouble')
280.221  000.022  000.022: sourcing /Users/phaedrus/.local/share/nvim/lazy/todo-comments.nvim/plugin/todo.vim
281.536  000.054  000.054: require('todo-comments.util')
281.539  000.123  000.069: require('todo-comments.config')
281.666  000.063  000.063: require('todo-comments.highlight')
281.668  000.127  000.065: require('todo-comments.jump')
281.669  001.197  000.947: require('todo-comments')
281.738  002.692  001.472: require('todo-comments')
281.743  002.845  000.153: require('user.todo-comments')
281.909  000.060  000.060: require('typescript-tools.config')
282.000  000.090  000.090: require('typescript-tools.protocol.constants')
282.149  000.080  000.080: require('typescript-tools.tsserver_provider')
282.212  000.061  000.061: require('typescript-tools.process')
282.266  000.052  000.052: require('typescript-tools.request_queue')
282.319  000.051  000.051: require('typescript-tools.protocol.progress')
282.425  000.053  000.053: require('typescript-tools.utils')
282.465  000.146  000.093: require('typescript-tools.protocol.module_mapper')
282.519  000.052  000.052: require('typescript-tools.protocol.pending_diagnostic')
282.865  000.072  000.072: require('plenary.tbl')
282.867  000.128  000.056: require('plenary.vararg.rotate')
282.868  000.181  000.053: require('plenary.vararg')
282.919  000.050  000.050: require('plenary.errors')
282.921  000.285  000.055: require('plenary.async.async')
283.135  000.051  000.051: require('plenary.async.structs')
283.139  000.115  000.063: require('plenary.async.control')
283.142  000.169  000.055: require('plenary.async.util')
283.143  000.221  000.052: require('plenary.async.tests')
283.144  000.564  000.058: require('plenary.async')
283.209  000.064  000.064: require('plenary.async.uv_async')
283.315  000.053  000.053: require('vim.ui')
283.316  000.106  000.053: require('typescript-tools.async')
283.319  000.799  000.065: require('typescript-tools.api')
283.383  000.063  000.063: require('typescript-tools.protocol.utils')
283.385  001.384  000.078: require('typescript-tools.tsserver')
283.548  000.055  000.055: require('typescript-tools.autocommands.common')
283.551  000.111  000.057: require('typescript-tools.autocommands.diagnostics')
283.604  000.052  000.052: require('typescript-tools.autocommands.code_lens')
283.678  000.073  000.073: require('typescript-tools.autocommands.jsx_close_tag')
283.679  000.293  000.057: require('typescript-tools.autocommands')
283.731  000.051  000.051: require('typescript-tools.custom_handlers')
283.783  000.051  000.051: require('typescript-tools.request_router')
283.888  000.051  000.051: require('typescript-tools.integrations')
283.890  000.106  000.055: require('typescript-tools.internal_commands')
283.891  002.094  000.060: require('typescript-tools.rpc')
283.892  002.149  000.054: require('typescript-tools')
287.567  002.830  002.830: require('user.supermaven')
287.569  276.352  006.534: sourcing /Users/phaedrus/.config/nvim/init.lua
287.585  001.084: sourcing vimrc file(s)
288.569  000.581  000.581: sourcing /usr/local/Cellar/neovim/0.10.4_1/share/nvim/runtime/filetype.lua
289.025  000.049  000.049: sourcing /usr/local/Cellar/neovim/0.10.4_1/share/nvim/runtime/syntax/synload.vim
289.181  000.464  000.415: sourcing /usr/local/Cellar/neovim/0.10.4_1/share/nvim/runtime/syntax/syntax.vim
289.188  000.558: inits 3
296.460  007.272: reading ShaDa
299.797  000.538  000.538: require('vim.filetype.detect')
302.588  000.120  000.120: require('luasnip.loaders.from_lua')
302.678  000.083  000.083: require('luasnip.loaders.from_snipmate')
302.756  000.077  000.077: require('luasnip.loaders.from_vscode')
302.883  005.605: reading stdin
303.087  000.205: opening buffers
303.617  000.529: BufEnter autocommands
303.621  000.004: editing files in windows
303.667  000.046: --- NVIM STARTED ---

