--- Startup times for process: Primary/TUI ---

times in msec
 clock   self+sourced   self:  sourced script
 clock   elapsed:              other lines

000.001  000.001: --- NVIM STARTING ---
000.584  000.583: event init
000.774  000.191: early init
001.037  000.263: locale set
001.075  000.038: init first window
003.331  002.256: inits 1
003.342  000.011: window checked
003.976  000.634: parsing arguments
004.976  000.291  000.291: require('vim.shared')
005.085  000.072  000.072: require('vim.inspect')
005.129  000.029  000.029: require('vim._options')
005.130  000.150  000.049: require('vim._editor')
005.132  000.479  000.039: require('vim._init_packages')
005.136  000.680: init lua interpreter
007.272  002.137: expanding arguments
007.295  000.022: inits 2
007.480  000.185: init highlight
007.506  000.026: clear screen
007.729  000.007  000.007: require('vim.keymap')
010.432  002.922  002.915: require('vim._defaults')
010.723  000.295: init default mappings & autocommands
011.725  000.228  000.228: sourcing /usr/local/Cellar/neovim/0.10.4_1/share/nvim/runtime/ftplugin.vim
011.801  000.021  000.021: sourcing /usr/local/Cellar/neovim/0.10.4_1/share/nvim/runtime/indent.vim
014.308  000.988  000.988: require('lazy')
014.419  000.032  000.032: require('ffi')
014.493  000.033  000.033: require('vim.fs')
014.627  000.130  000.130: require('vim.uri')
014.634  000.210  000.047: require('vim.loader')
018.052  003.367  003.367: require('lazy.stats')
019.019  000.639  000.639: require('lazy.core.util')
019.143  000.122  000.122: require('lazy.core.config')
019.775  000.095  000.095: require('lazy.core.handler')
020.515  000.553  000.553: require('lazy.pkg')
020.518  000.656  000.103: require('lazy.core.meta')
020.523  000.746  000.090: require('lazy.core.plugin')
020.529  001.384  000.543: require('lazy.core.loader')
024.100  000.579  000.579: require('lazy.async')
025.352  000.523  000.523: require('lazy.manage.process')
025.966  000.612  000.612: require('lazy.terminal')
025.970  001.864  000.729: require('lazy.manage.task')
025.972  002.694  000.251: require('lazy.manage.runner')
025.974  002.982  000.287: require('lazy.manage')
025.977  003.427  000.445: require('lazy.view.commands')
026.667  000.664  000.664: require('lazy.core.fragments')
034.130  000.766  000.766: require('lazy.core.handler.cmd')
034.336  000.100  000.100: require('lazy.core.handler.event')
034.338  000.177  000.076: require('lazy.core.handler.ft')
035.096  000.683  000.683: require('lazy.core.handler.keys')
040.664  000.899  000.899: sourcing /usr/local/Cellar/neovim/0.10.4_1/share/nvim/runtime/filetype.lua
042.104  000.419  000.419: sourcing /Users/phaedrus/.local/share/nvim/lazy/vim-sleuth/plugin/sleuth.vim
044.525  001.384  001.384: require('vim.filetype')
051.772  000.547  000.547: require('luasnip.util.types')
051.776  000.856  000.308: require('luasnip.util.ext_opts')
052.049  000.089  000.089: require('luasnip.util.lazy_table')
052.119  000.069  000.069: require('luasnip.extras.filetype_functions')
052.126  000.277  000.119: require('luasnip.default_config')
052.128  000.350  000.074: require('luasnip.session')
052.129  005.040  003.834: require('luasnip.config')
052.702  000.389  000.389: require('luasnip.util.util')
054.171  000.860  000.860: require('luasnip.nodes.key_indexer')
054.413  000.240  000.240: require('luasnip.util.feedkeys')
054.420  001.717  000.617: require('luasnip.nodes.util')
054.794  000.121  000.121: require('luasnip.session.snippet_collection.source')
054.853  000.058  000.058: require('luasnip.util.table')
054.909  000.055  000.055: require('luasnip.util.auto_table')
054.913  000.492  000.258: require('luasnip.session.snippet_collection')
055.121  000.061  000.061: require('luasnip.util.select')
055.357  000.234  000.234: require('luasnip.util.time')
057.773  002.801  002.505: require('luasnip.util._builtin_vars')
057.940  003.026  000.225: require('luasnip.util.environ')
058.401  000.460  000.460: require('luasnip.util.extend_decorator')
059.242  000.543  000.543: require('luasnip.util.path')
059.701  000.108  000.108: require('luasnip.util.log')
059.706  000.463  000.355: require('luasnip.loaders.util')
059.766  000.004  000.004: require('vim.F')
059.769  000.062  000.058: require('luasnip.loaders.data')
059.898  000.129  000.129: require('luasnip.loaders.fs_watchers')
059.900  001.498  000.301: require('luasnip.loaders')
059.912  007.777  000.195: require('luasnip')
060.164  017.764  003.562: sourcing /Users/phaedrus/.local/share/nvim/lazy/LuaSnip/plugin/luasnip.lua
061.089  000.025  000.025: sourcing /Users/phaedrus/.local/share/nvim/lazy/LuaSnip/plugin/luasnip.vim
069.701  000.146  000.146: require('nvim-treesitter.utils')
071.103  000.349  000.349: require('vim.treesitter.language')
071.198  000.091  000.091: require('vim.func')
071.325  000.122  000.122: require('vim.func._memoize')
072.084  001.460  000.898: require('vim.treesitter.query')
072.989  000.903  000.903: require('vim.treesitter._range')
073.227  002.804  000.441: require('vim.treesitter.languagetree')
073.233  003.249  000.446: require('vim.treesitter')
074.269  004.565  001.316: require('nvim-treesitter.parsers')
074.839  000.070  000.070: require('nvim-treesitter.compat')
074.994  000.083  000.083: require('nvim-treesitter.ts_utils')
074.997  000.157  000.073: require('nvim-treesitter.tsrange')
075.070  000.072  000.072: require('nvim-treesitter.caching')
075.075  000.369  000.070: require('nvim-treesitter.query')
075.082  000.449  000.080: require('nvim-treesitter.configs')
075.083  000.813  000.364: require('nvim-treesitter.info')
075.421  000.337  000.337: require('nvim-treesitter.shell_command_selectors')
075.458  006.076  000.215: require('nvim-treesitter.install')
075.582  000.122  000.122: require('nvim-treesitter.statusline')
075.641  000.058  000.058: require('nvim-treesitter.query_predicates')
075.643  007.835  001.578: require('nvim-treesitter')
078.031  010.809  002.974: sourcing /Users/phaedrus/.local/share/nvim/lazy/nvim-treesitter/plugin/nvim-treesitter.lua
078.110  013.065  002.256: require('nvim-treesitter.query')
078.113  016.648  003.583: require('rainbow')
079.149  017.695  001.046: sourcing /Users/phaedrus/.local/share/nvim/lazy/nvim-ts-rainbow/plugin/rainbow.vim
079.995  000.440  000.440: sourcing /Users/phaedrus/.local/share/nvim/lazy/vim-surround/plugin/surround.vim
080.541  000.008  000.008: sourcing /Users/phaedrus/.local/share/nvim/lazy/vim-firestore/ftdetect/firestore.vim
081.206  000.420  000.420: sourcing /Users/phaedrus/.local/share/nvim/lazy/vim-eunuch/plugin/eunuch.vim
082.232  000.015  000.015: sourcing /Users/phaedrus/.local/share/nvim/lazy/plenary.nvim/plugin/plenary.vim
084.278  000.278  000.278: require('vim.lsp.log')
086.013  001.733  001.733: require('vim.lsp.protocol')
087.556  000.435  000.435: require('vim.lsp._snippet_grammar')
087.661  000.099  000.099: require('vim.highlight')
087.671  001.655  001.122: require('vim.lsp.util')
087.803  000.061  000.061: require('vim.lsp.sync')
087.806  000.134  000.073: require('vim.lsp._changetracking')
087.904  000.097  000.097: require('vim.lsp.rpc')
088.517  004.909  001.013: require('vim.lsp')
090.720  002.202  002.202: require('lspconfig.util')
090.735  007.920  000.808: sourcing /Users/phaedrus/.local/share/nvim/lazy/nvim-lspconfig/plugin/lspconfig.lua
092.115  000.138  000.138: sourcing /Users/phaedrus/.local/share/nvim/lazy/go.nvim/ftdetect/filetype.vim
092.799  000.025  000.025: sourcing /Users/phaedrus/.local/share/nvim/lazy/vim-markdown/ftdetect/markdown.vim
093.217  000.077  000.077: sourcing /Users/phaedrus/.local/share/nvim/lazy/rust.vim/plugin/cargo.vim
093.270  000.019  000.019: sourcing /Users/phaedrus/.local/share/nvim/lazy/rust.vim/plugin/rust.vim
093.339  000.016  000.016: sourcing /Users/phaedrus/.local/share/nvim/lazy/rust.vim/ftdetect/rust.vim
094.273  000.010  000.010: sourcing /Users/phaedrus/.local/share/nvim/lazy/goyo.vim/plugin/goyo.vim
094.663  000.026  000.026: sourcing /Users/phaedrus/.local/share/nvim/lazy/vim-coffee-script/ftdetect/coffee.vim
094.711  000.011  000.011: sourcing /Users/phaedrus/.local/share/nvim/lazy/vim-coffee-script/ftdetect/vim-literate-coffeescript.vim
096.612  000.011  000.011: sourcing /Users/phaedrus/.local/share/nvim/lazy/nightfox.nvim/plugin/nightfox.vim
097.901  000.772  000.772: sourcing /Users/phaedrus/.local/share/nvim/lazy/github-nvim-theme/plugin/github_theme.lua
102.086  000.570  000.570: require('supermaven-nvim.config')
102.091  000.652  000.081: require('supermaven-nvim.logger')
102.094  000.778  000.126: require('supermaven-nvim.util')
102.098  001.070  000.292: require('supermaven-nvim.completion_preview')
103.179  000.158  000.158: require('supermaven-nvim.textual')
103.300  000.119  000.119: require('supermaven-nvim.binary.binary_fetcher')
103.322  000.431  000.154: require('supermaven-nvim.binary.binary_handler')
103.395  000.072  000.072: require('supermaven-nvim.document_listener')
103.399  000.604  000.101: require('supermaven-nvim.api')
103.401  001.301  000.697: require('supermaven-nvim.commands')
103.402  004.980  002.608: require('supermaven-nvim')
111.723  002.058  002.058: require('cmp.utils.api')
111.936  000.069  000.069: require('cmp.types.cmp')
112.123  000.090  000.090: require('cmp.utils.misc')
112.272  000.334  000.244: require('cmp.types.lsp')
112.332  000.059  000.059: require('cmp.types.vim')
112.334  000.607  000.145: require('cmp.types')
112.405  000.070  000.070: require('cmp.utils.highlight')
112.551  000.069  000.069: require('cmp.utils.debug')
112.558  000.152  000.083: require('cmp.utils.autocmd')
113.753  004.271  001.384: sourcing /Users/phaedrus/.local/share/nvim/lazy/nvim-cmp/plugin/cmp.lua
114.058  000.186  000.186: require('user.cmp')
114.718  000.203  000.203: require('cmp.utils.char')
114.725  000.418  000.215: require('cmp.utils.str')
115.182  000.209  000.209: require('cmp.utils.buffer')
115.199  000.366  000.157: require('cmp.utils.keymap')
115.201  000.475  000.109: require('cmp.utils.feedkeys')
115.643  000.148  000.148: require('cmp.config.mapping')
115.704  000.061  000.061: require('cmp.utils.cache')
115.823  000.061  000.061: require('cmp.config.compare')
115.824  000.118  000.057: require('cmp.config.default')
115.863  000.532  000.206: require('cmp.config')
115.873  000.672  000.139: require('cmp.utils.async')
115.986  000.054  000.054: require('cmp.utils.pattern')
115.988  000.113  000.059: require('cmp.context')
116.222  000.102  000.102: require('cmp.utils.snippet')
116.310  000.086  000.086: require('cmp.matcher')
116.314  000.262  000.074: require('cmp.entry')
116.318  000.329  000.067: require('cmp.source')
116.439  000.058  000.058: require('cmp.utils.event')
116.650  000.052  000.052: require('cmp.utils.options')
116.653  000.118  000.066: require('cmp.utils.window')
116.654  000.214  000.096: require('cmp.view.docs_view')
116.722  000.067  000.067: require('cmp.view.custom_entries_view')
116.786  000.063  000.063: require('cmp.view.wildmenu_entries_view')
116.846  000.059  000.059: require('cmp.view.native_entries_view')
116.994  000.147  000.147: require('cmp.view.ghost_text_view')
117.001  000.682  000.074: require('cmp.view')
119.451  005.277  002.588: require('cmp.core')
120.038  000.404  000.404: require('cmp.config.sources')
120.103  000.061  000.061: require('cmp.config.window')
120.146  006.086  000.344: require('cmp')
120.277  000.056  000.056: require('luasnip.session.enqueueable_operations')
120.539  000.050  000.050: require('luasnip.util.events')
120.544  000.121  000.071: require('luasnip.nodes.node')
121.194  000.647  000.647: require('luasnip.nodes.insertNode')
121.585  000.390  000.390: require('luasnip.nodes.textNode')
121.657  000.070  000.070: require('luasnip.util.mark')
121.721  000.063  000.063: require('luasnip.util.pattern_tokenizer')
121.779  000.058  000.058: require('luasnip.util.dict')
126.970  005.137  005.137: require('luasnip.util.jsregexp')
126.978  005.197  000.060: require('luasnip.nodes.util.trig_engines')
127.299  006.963  000.417: require('luasnip.nodes.snippet')
127.914  000.064  000.064: require('luasnip.util.parser.neovim_ast')
127.976  000.061  000.061: require('luasnip.util.str')
130.149  002.170  002.170: require('luasnip.util.jsregexp')
130.393  000.243  000.243: require('luasnip.util.directed_graph')
130.396  002.632  000.094: require('luasnip.util.parser.ast_utils')
130.729  000.331  000.331: require('luasnip.nodes.functionNode')
130.834  000.104  000.104: require('luasnip.nodes.choiceNode')
130.904  000.070  000.070: require('luasnip.nodes.dynamicNode')
130.960  000.054  000.054: require('luasnip.util.functions')
130.963  003.662  000.471: require('luasnip.util.parser.ast_parser')
131.066  000.102  000.102: require('luasnip.util.parser.neovim_parser')
131.070  010.791  000.065: require('luasnip.util.parser')
131.126  000.056  000.056: require('luasnip.nodes.snippetProxy')
131.412  000.283  000.283: require('luasnip.util.jsonc')
131.571  000.059  000.059: require('luasnip.nodes.duplicate')
131.572  000.158  000.099: require('luasnip.loaders.snippet_cache')
131.579  011.432  000.088: require('luasnip/loaders/from_vscode')
136.368  000.403  000.403: require('luasnip.nodes.multiSnippet')
142.875  038.891  016.514: require('cmp')
143.288  000.411  000.411: require('supermaven-nvim.cmp')
143.487  000.105  000.105: require('vim.version')
145.042  000.114  000.114: require('vim.iter')
148.236  000.031  000.031: sourcing /Users/phaedrus/.local/share/nvim/lazy/nvim-web-devicons/plugin/nvim-web-devicons.vim
149.030  000.011  000.011: sourcing /Users/phaedrus/.local/share/nvim/lazy/vim-slim/ftdetect/slim.vim
151.757  000.903  000.903: sourcing /Users/phaedrus/.local/share/nvim/lazy/nvim-ts-context-commentstring/plugin/ts_context_commentstring.lua
153.788  000.760  000.760: sourcing /Users/phaedrus/.local/share/nvim/lazy/vim-fugitive/plugin/fugitive.vim
153.859  000.006  000.006: sourcing /Users/phaedrus/.local/share/nvim/lazy/vim-fugitive/ftdetect/fugitive.vim
156.180  000.150  000.150: require('nlua.include_expr')
156.182  001.605  001.456: require('nlua')
156.185  001.619  000.013: sourcing /Users/phaedrus/.local/share/nvim/lazy/nlua.nvim/plugin/nlua.vim
160.068  001.209  001.209: require('hop')
160.228  000.079  000.079: require('hop.perm')
160.308  000.077  000.077: require('hop.window')
160.380  000.310  000.154: require('hop.hint')
160.475  002.999  001.480: sourcing /Users/phaedrus/.local/share/nvim/lazy/hop.nvim/plugin/hop.lua
160.823  000.105  000.105: require('hop.defaults')
160.937  000.112  000.112: require('hop.highlight')
161.146  000.132  000.132: require('hop-yank')
161.266  000.090  000.090: require('hop-treesitter')
162.571  000.789  000.789: sourcing /usr/local/Cellar/neovim/0.10.4_1/share/nvim/runtime/plugin/editorconfig.lua
162.703  000.081  000.081: sourcing /usr/local/Cellar/neovim/0.10.4_1/share/nvim/runtime/plugin/gzip.vim
162.973  000.212  000.212: sourcing /usr/local/Cellar/neovim/0.10.4_1/share/nvim/runtime/plugin/man.lua
163.747  000.126  000.126: sourcing /usr/local/Cellar/neovim/0.10.4_1/share/nvim/runtime/pack/dist/opt/matchit/plugin/matchit.vim
163.760  000.744  000.618: sourcing /usr/local/Cellar/neovim/0.10.4_1/share/nvim/runtime/plugin/matchit.vim
164.038  000.219  000.219: sourcing /usr/local/Cellar/neovim/0.10.4_1/share/nvim/runtime/plugin/matchparen.vim
164.286  000.205  000.205: sourcing /usr/local/Cellar/neovim/0.10.4_1/share/nvim/runtime/plugin/netrwPlugin.vim
164.491  000.161  000.161: sourcing /usr/local/Cellar/neovim/0.10.4_1/share/nvim/runtime/plugin/osc52.lua
164.690  000.137  000.137: sourcing /usr/local/Cellar/neovim/0.10.4_1/share/nvim/runtime/plugin/rplugin.vim
164.787  000.035  000.035: sourcing /usr/local/Cellar/neovim/0.10.4_1/share/nvim/runtime/plugin/shada.vim
164.867  000.011  000.011: sourcing /usr/local/Cellar/neovim/0.10.4_1/share/nvim/runtime/plugin/spellfile.vim
164.993  000.059  000.059: sourcing /usr/local/Cellar/neovim/0.10.4_1/share/nvim/runtime/plugin/tarPlugin.vim
165.296  000.231  000.231: sourcing /usr/local/Cellar/neovim/0.10.4_1/share/nvim/runtime/plugin/tohtml.lua
165.534  000.010  000.010: sourcing /usr/local/Cellar/neovim/0.10.4_1/share/nvim/runtime/plugin/tutor.vim
165.756  000.065  000.065: sourcing /usr/local/Cellar/neovim/0.10.4_1/share/nvim/runtime/plugin/zipPlugin.vim
167.936  000.405  000.405: require('cmp_nvim_lua')
168.101  001.288  000.883: sourcing /Users/phaedrus/.local/share/nvim/lazy/cmp-nvim-lua/after/plugin/cmp_nvim_lua.lua
168.643  000.152  000.152: require('cmp_nvim_lsp.source')
168.645  000.278  000.125: require('cmp_nvim_lsp')
168.652  000.348  000.071: sourcing /Users/phaedrus/.local/share/nvim/lazy/cmp-nvim-lsp/after/plugin/cmp_nvim_lsp.lua
169.066  000.192  000.192: require('cmp_cmdline')
169.137  000.405  000.212: sourcing /Users/phaedrus/.local/share/nvim/lazy/cmp-cmdline/after/plugin/cmp_cmdline.lua
169.495  000.073  000.073: require('cmp_path')
169.528  000.241  000.168: sourcing /Users/phaedrus/.local/share/nvim/lazy/cmp-path/after/plugin/cmp_path.lua
169.902  000.052  000.052: require('cmp_buffer.timer')
169.904  000.115  000.063: require('cmp_buffer.buffer')
169.906  000.173  000.057: require('cmp_buffer.source')
169.907  000.229  000.057: require('cmp_buffer')
169.917  000.268  000.039: sourcing /Users/phaedrus/.local/share/nvim/lazy/cmp-buffer/after/plugin/cmp_buffer.lua
170.071  157.584  041.638: require('user.lazy')
170.891  000.819  000.819: require('user.options')
171.629  000.737  000.737: require('user.keymappings')
174.691  000.068  000.068: require('rose-pine.config')
174.693  000.465  000.397: require('rose-pine')
175.299  000.087  000.087: require('rose-pine.utilities')
175.374  000.074  000.074: require('rose-pine.palette')
176.484  002.521  001.895: sourcing /Users/phaedrus/.local/share/nvim/lazy/rose-pine/colors/rose-pine.lua
178.186  000.337  000.337: require('rainbow.internal')
178.484  006.853  003.996: require('user.colorscheme')
179.110  000.056  000.056: require('lspconfig.async')
179.112  000.122  000.066: require('lspconfig.configs')
179.115  000.405  000.282: require('lspconfig')
179.250  000.079  000.079: require('mason-core.path')
179.438  000.123  000.123: require('mason-core.functional')
179.552  000.052  000.052: require('mason-core.functional.data')
179.555  000.111  000.059: require('mason-core.functional.function')
179.614  000.052  000.052: require('mason-core.functional.relation')
179.674  000.057  000.057: require('mason-core.functional.logic')
179.950  000.698  000.355: require('mason-core.platform')
180.015  000.064  000.064: require('mason.settings')
180.016  000.899  000.058: require('mason')
180.155  000.059  000.059: require('mason-core.functional.list')
180.210  000.053  000.053: require('mason-core.functional.string')
180.224  000.198  000.086: require('mason.api.command')
180.283  000.057  000.057: require('mason-registry.sources')
180.441  000.067  000.067: require('mason-core.log')
180.494  000.052  000.052: require('mason-lspconfig.settings')
180.496  000.207  000.087: require('mason-lspconfig')
181.568  000.055  000.055: require('mason-lspconfig.notify')
181.570  000.715  000.659: require('mason-lspconfig.lspconfig_hook')
181.703  000.056  000.056: require('mason-core.functional.table')
181.749  000.178  000.122: require('mason-lspconfig.mappings.server')
181.866  000.056  000.056: require('mason-core.EventEmitter')
181.932  000.065  000.065: require('mason-core.optional')
182.086  000.090  000.090: require('mason-core.async')
182.145  000.057  000.057: require('mason-core.async.uv')
182.148  000.215  000.068: require('mason-core.fs')
182.158  000.407  000.072: require('mason-registry')
182.215  000.055  000.055: require('mason-lspconfig.server_config_extensions')
182.388  000.172  000.172: require('lspconfig.configs.omnisharp')
183.803  000.058  000.058: require('mason-core.functional.number')
183.814  000.157  000.098: require('mason-lspconfig.api.command')
184.047  000.232  000.232: require('user.lsp.handlers')
184.674  000.355  000.355: require('lspconfig.configs.rust_analyzer')
188.246  000.249  000.249: require('lspconfig.manager')
188.316  000.065  000.065: require('lspconfig.configs.bashls')
192.025  000.261  000.261: require('user.lsp.settings.lua_ls')
192.258  000.172  000.172: require('lspconfig.configs.lua_ls')
194.645  000.194  000.194: require('lspconfig.configs.pyright')
196.236  000.395  000.395: require('user.lsp.settings.ts_ls')
196.700  000.236  000.236: require('lspconfig.configs.ts_ls')
198.163  000.060  000.060: require('lspconfig.configs.gopls')
200.785  000.111  000.111: require('null-ls.utils')
201.070  000.283  000.283: require('vim.diagnostic')
201.468  000.858  000.464: require('null-ls.config')
202.018  000.072  000.072: require('null-ls.helpers.cache')
202.754  000.735  000.735: require('null-ls.helpers.diagnostics')
202.917  000.162  000.162: require('null-ls.helpers.formatter_factory')
203.133  000.061  000.061: require('null-ls.logger')
203.376  000.242  000.242: require('null-ls.state')
203.378  000.460  000.158: require('null-ls.helpers.generator_factory')
203.502  000.057  000.057: require('null-ls.helpers.command_resolver')
203.503  000.124  000.067: require('null-ls.helpers.make_builtin')
203.581  000.077  000.077: require('null-ls.helpers.range_formatting_args_factory')
203.582  002.113  000.484: require('null-ls.helpers')
204.086  000.203  000.203: require('null-ls.methods')
204.088  000.268  000.065: require('null-ls.diagnostics')
204.093  000.509  000.242: require('null-ls.sources')
204.176  000.082  000.082: require('null-ls.builtins')
204.177  003.647  000.085: require('null-ls')
204.797  000.618  000.618: require('null-ls.builtins.formatting.prettier')
204.882  000.083  000.083: require('null-ls.builtins.formatting.stylua')
205.375  000.492  000.492: require('null-ls.builtins.formatting.rustfmt')
208.113  000.820  000.820: require('null-ls.client')
208.127  007.886  002.226: require('user.lsp.null-ls')
210.153  031.668  018.115: require('user.lsp')
210.570  000.415  000.415: require('user.markdown')
210.666  000.095  000.095: require('user.autocmds')
211.518  000.096  000.096: require('typescript-tools.config')
211.648  000.129  000.129: require('typescript-tools.protocol.constants')
212.026  000.092  000.092: require('plenary.bit')
212.102  000.074  000.074: require('plenary.functional')
212.166  000.344  000.178: require('plenary.path')
212.334  000.082  000.082: require('plenary.compat')
212.342  000.175  000.094: require('plenary.job')
212.351  000.612  000.092: require('typescript-tools.tsserver_provider')
212.433  000.081  000.081: require('typescript-tools.process')
212.500  000.066  000.066: require('typescript-tools.request_queue')
212.560  000.058  000.058: require('typescript-tools.protocol.progress')
212.689  000.064  000.064: require('typescript-tools.utils')
212.755  000.194  000.130: require('typescript-tools.protocol.module_mapper')
212.816  000.060  000.060: require('typescript-tools.protocol.pending_diagnostic')
213.221  000.058  000.058: require('plenary.tbl')
213.224  000.134  000.076: require('plenary.vararg.rotate')
213.225  000.195  000.060: require('plenary.vararg')
213.284  000.059  000.059: require('plenary.errors')
213.287  000.319  000.065: require('plenary.async.async')
213.554  000.075  000.075: require('plenary.async.structs')
213.559  000.149  000.075: require('plenary.async.control')
213.563  000.215  000.066: require('plenary.async.util')
213.565  000.277  000.062: require('plenary.async.tests')
213.566  000.671  000.076: require('plenary.async')
213.704  000.137  000.137: require('plenary.async.uv_async')
213.863  000.087  000.087: require('vim.ui')
213.887  000.182  000.094: require('typescript-tools.async')
213.896  001.079  000.090: require('typescript-tools.api')
213.980  000.083  000.083: require('typescript-tools.protocol.utils')
213.983  002.334  000.100: require('typescript-tools.tsserver')
214.173  000.060  000.060: require('typescript-tools.autocommands.common')
214.177  000.131  000.071: require('typescript-tools.autocommands.diagnostics')
214.246  000.067  000.067: require('typescript-tools.autocommands.code_lens')
214.703  000.456  000.456: require('typescript-tools.autocommands.jsx_close_tag')
214.705  000.722  000.067: require('typescript-tools.autocommands')
214.784  000.078  000.078: require('typescript-tools.custom_handlers')
214.845  000.060  000.060: require('typescript-tools.request_router')
214.978  000.065  000.065: require('typescript-tools.integrations')
215.055  000.210  000.145: require('typescript-tools.internal_commands')
215.057  003.727  000.100: require('typescript-tools.rpc')
215.059  004.269  000.542: require('typescript-tools')
220.940  004.630  004.630: require('user.supermaven')
220.942  208.944  001.874: sourcing /Users/phaedrus/.config/nvim/init.lua
220.955  001.039: sourcing vimrc file(s)
222.197  000.864  000.864: sourcing /usr/local/Cellar/neovim/0.10.4_1/share/nvim/runtime/filetype.lua
222.626  000.055  000.055: sourcing /usr/local/Cellar/neovim/0.10.4_1/share/nvim/runtime/syntax/synload.vim
222.796  000.443  000.388: sourcing /usr/local/Cellar/neovim/0.10.4_1/share/nvim/runtime/syntax/syntax.vim
222.804  000.542: inits 3
229.450  006.647: reading ShaDa
232.116  001.308  001.308: require('vim.filetype.detect')
234.327  000.104  000.104: require('luasnip.loaders.from_lua')
234.424  000.087  000.087: require('luasnip.loaders.from_snipmate')
234.505  000.079  000.079: require('luasnip.loaders.from_vscode')
234.544  003.515: reading stdin
234.771  000.227: opening buffers
234.786  000.015: BufEnter autocommands
234.790  000.004: editing files in windows
234.833  000.043: --- NVIM STARTED ---

